<?xml version="1.0" encoding="UTF-8"?>
<!-- Generated by org.testng.reporters.JUnitXMLReporter -->
<testsuite hostname="AnnaMac-2.local" name="Smoke Testcases" tests="8" failures="0" timestamp="10 Feb 2016 07:20:32 GMT" time="0.022" errors="0">
  <testcase name="FlightBooking" time="0.003" classname="testngFiles.Anotations"/>
  <testcase name="OpeningBrowser" time="0.0" classname="testngFiles.Anotations"/>
  <testcase name="FlightBooking" time="0.0" classname="packageTwo.Anotations"/>
  <testcase name="OpeningBrowser" time="0.001" classname="packageTwo.Anotations"/>
  <testcase name="Openingbrowser" time="0.0" classname="testngFiles.DependencyAnnot"/>
  <testcase name="Timerelated" time="0.004" classname="testngFiles.DependencyAnnot"/>
  <testcase name="Openingbrowser" time="0.001" classname="packageTwo.DependencyAnnot"/>
  <testcase name="Timerelated" time="0.001" classname="packageTwo.DependencyAnnot"/>
</testsuite> <!-- Smoke Testcases -->
