<?xml version="1.0" encoding="UTF-8"?>
<testng-results skipped="0" failed="0" total="8" passed="8">
  <reporter-output>
  </reporter-output>
  <suite name="Automation test" duration-ms="22" started-at="2016-02-10T07:20:32Z" finished-at="2016-02-10T07:20:32Z">
    <groups>
    </groups>
    <test name="Smoke Testcases" duration-ms="22" started-at="2016-02-10T07:20:32Z" finished-at="2016-02-10T07:20:32Z">
      <class name="testngFiles.DependencyAnnot">
        <test-method status="PASS" signature="Openingbrowser()[pri:0, instance:testngFiles.DependencyAnnot@61a52fbd]" name="Openingbrowser" duration-ms="0" started-at="2016-02-09T23:20:32Z" finished-at="2016-02-09T23:20:32Z">
          <reporter-output>
          </reporter-output>
        </test-method> <!-- Openingbrowser -->
        <test-method status="PASS" signature="Timerelated()[pri:0, instance:testngFiles.DependencyAnnot@61a52fbd]" name="Timerelated" duration-ms="4" started-at="2016-02-09T23:20:32Z" finished-at="2016-02-09T23:20:32Z">
          <reporter-output>
          </reporter-output>
        </test-method> <!-- Timerelated -->
      </class> <!-- testngFiles.DependencyAnnot -->
      <class name="testngFiles.Anotations">
        <test-method status="PASS" signature="FlightBooking()[pri:0, instance:testngFiles.Anotations@61443d8f]" name="FlightBooking" duration-ms="3" started-at="2016-02-09T23:20:32Z" finished-at="2016-02-09T23:20:32Z">
          <reporter-output>
          </reporter-output>
        </test-method> <!-- FlightBooking -->
        <test-method status="PASS" signature="UseridGeneration()[pri:0, instance:testngFiles.Anotations@61443d8f]" name="UseridGeneration" is-config="true" duration-ms="0" started-at="2016-02-09T23:20:32Z" finished-at="2016-02-09T23:20:32Z">
          <reporter-output>
          </reporter-output>
        </test-method> <!-- UseridGeneration -->
        <test-method status="PASS" signature="UseridGeneration()[pri:0, instance:testngFiles.Anotations@61443d8f]" name="UseridGeneration" is-config="true" duration-ms="0" started-at="2016-02-09T23:20:32Z" finished-at="2016-02-09T23:20:32Z">
          <reporter-output>
          </reporter-output>
        </test-method> <!-- UseridGeneration -->
        <test-method status="PASS" signature="OpeningBrowser()[pri:0, instance:testngFiles.Anotations@61443d8f]" name="OpeningBrowser" duration-ms="0" started-at="2016-02-09T23:20:32Z" finished-at="2016-02-09T23:20:32Z">
          <reporter-output>
          </reporter-output>
        </test-method> <!-- OpeningBrowser -->
      </class> <!-- testngFiles.Anotations -->
      <class name="packageTwo.Annot2">
        <test-method status="PASS" signature="installsoftware()[pri:0, instance:packageTwo.Annot2@66048bfd]" name="installsoftware" is-config="true" duration-ms="7" started-at="2016-02-09T23:20:32Z" finished-at="2016-02-09T23:20:32Z">
          <reporter-output>
          </reporter-output>
        </test-method> <!-- installsoftware -->
        <test-method status="PASS" signature="installsoftware()[pri:0, instance:testngFiles.Annot2@591f989e]" name="installsoftware" is-config="true" duration-ms="0" started-at="2016-02-09T23:20:32Z" finished-at="2016-02-09T23:20:32Z">
          <reporter-output>
          </reporter-output>
        </test-method> <!-- installsoftware -->
        <test-method status="PASS" signature="deinstallsoftware()[pri:0, instance:testngFiles.Annot2@591f989e]" name="deinstallsoftware" is-config="true" duration-ms="0" started-at="2016-02-09T23:20:32Z" finished-at="2016-02-09T23:20:32Z">
          <reporter-output>
          </reporter-output>
        </test-method> <!-- deinstallsoftware -->
        <test-method status="PASS" signature="deinstallsoftware()[pri:0, instance:packageTwo.Annot2@66048bfd]" name="deinstallsoftware" is-config="true" duration-ms="0" started-at="2016-02-09T23:20:32Z" finished-at="2016-02-09T23:20:32Z">
          <reporter-output>
          </reporter-output>
        </test-method> <!-- deinstallsoftware -->
      </class> <!-- packageTwo.Annot2 -->
      <class name="packageTwo.Anotations">
        <test-method status="PASS" signature="Cookies()[pri:0, instance:packageTwo.Anotations@445b84c0]" name="Cookies" is-config="true" duration-ms="0" started-at="2016-02-09T23:20:32Z" finished-at="2016-02-09T23:20:32Z">
          <reporter-output>
          </reporter-output>
        </test-method> <!-- Cookies -->
        <test-method status="PASS" signature="Cookies()[pri:0, instance:testngFiles.Anotations@61443d8f]" name="Cookies" is-config="true" duration-ms="0" started-at="2016-02-09T23:20:32Z" finished-at="2016-02-09T23:20:32Z">
          <reporter-output>
          </reporter-output>
        </test-method> <!-- Cookies -->
        <test-method status="PASS" signature="UseridGeneration()[pri:0, instance:packageTwo.Anotations@445b84c0]" name="UseridGeneration" is-config="true" duration-ms="1" started-at="2016-02-09T23:20:32Z" finished-at="2016-02-09T23:20:32Z">
          <reporter-output>
          </reporter-output>
        </test-method> <!-- UseridGeneration -->
        <test-method status="PASS" signature="UseridGeneration()[pri:0, instance:packageTwo.Anotations@445b84c0]" name="UseridGeneration" is-config="true" duration-ms="0" started-at="2016-02-09T23:20:32Z" finished-at="2016-02-09T23:20:32Z">
          <reporter-output>
          </reporter-output>
        </test-method> <!-- UseridGeneration -->
        <test-method status="PASS" signature="OpeningBrowser()[pri:0, instance:packageTwo.Anotations@445b84c0]" name="OpeningBrowser" duration-ms="1" started-at="2016-02-09T23:20:32Z" finished-at="2016-02-09T23:20:32Z">
          <reporter-output>
          </reporter-output>
        </test-method> <!-- OpeningBrowser -->
        <test-method status="PASS" signature="FlightBooking()[pri:0, instance:packageTwo.Anotations@445b84c0]" name="FlightBooking" duration-ms="0" started-at="2016-02-09T23:20:32Z" finished-at="2016-02-09T23:20:32Z">
          <reporter-output>
          </reporter-output>
        </test-method> <!-- FlightBooking -->
        <test-method status="PASS" signature="Cookiesclose()[pri:0, instance:packageTwo.Anotations@445b84c0]" name="Cookiesclose" is-config="true" duration-ms="0" started-at="2016-02-09T23:20:32Z" finished-at="2016-02-09T23:20:32Z">
          <reporter-output>
          </reporter-output>
        </test-method> <!-- Cookiesclose -->
        <test-method status="PASS" signature="Cookiesclose()[pri:0, instance:testngFiles.Anotations@61443d8f]" name="Cookiesclose" is-config="true" duration-ms="0" started-at="2016-02-09T23:20:32Z" finished-at="2016-02-09T23:20:32Z">
          <reporter-output>
          </reporter-output>
        </test-method> <!-- Cookiesclose -->
      </class> <!-- packageTwo.Anotations -->
      <class name="packageTwo.DependencyAnnot">
        <test-method status="PASS" signature="Openingbrowser()[pri:0, instance:packageTwo.DependencyAnnot@233c0b17]" name="Openingbrowser" duration-ms="1" started-at="2016-02-09T23:20:32Z" finished-at="2016-02-09T23:20:32Z">
          <reporter-output>
          </reporter-output>
        </test-method> <!-- Openingbrowser -->
        <test-method status="PASS" signature="Timerelated()[pri:0, instance:packageTwo.DependencyAnnot@233c0b17]" name="Timerelated" duration-ms="1" started-at="2016-02-09T23:20:32Z" finished-at="2016-02-09T23:20:32Z">
          <reporter-output>
          </reporter-output>
        </test-method> <!-- Timerelated -->
      </class> <!-- packageTwo.DependencyAnnot -->
    </test> <!-- Smoke Testcases -->
  </suite> <!-- Automation test -->
</testng-results>
